\BOOKMARK [1][-]{section.1}{\376\377\000W\000s\000t\001\031\000p}{}% 1
\BOOKMARK [2][-]{subsection.1.1}{\376\377\000K\000o\000n\000t\000e\000k\000s\000t}{section.1}% 2
\BOOKMARK [2][-]{subsection.1.2}{\376\377\000S\000f\000o\000r\000m\000u\000o\000w\000a\000n\000i\000e\000\040\000p\000r\000o\000b\000l\000e\000m\000u}{section.1}% 3
\BOOKMARK [2][-]{subsection.1.3}{\376\377\000C\000e\000l\000e\000\040\000p\000r\000a\000c\000y}{section.1}% 4
\BOOKMARK [2][-]{subsection.1.4}{\376\377\000M\000e\000t\000o\000d\000y\000\040\000b\000a\000d\000a\000n\000i\000a}{section.1}% 5
\BOOKMARK [2][-]{subsection.1.5}{\376\377\000W\000k\001\102\000a\000d\000\040\000w\000\040\000d\000z\000i\000e\000d\000z\000i\000n\001\031}{section.1}% 6
\BOOKMARK [1][-]{section.2}{\376\377\000P\000r\000z\000e\000g\000l\001\005\000d\000\040\000l\000i\000t\000e\000r\000a\000t\000u\000r\000y}{}% 7
\BOOKMARK [2][-]{subsection.2.1}{\376\377\000T\001\102\000o\000\040\000t\000e\000o\000r\000e\000t\000y\000c\000z\000n\000e}{section.2}% 8
\BOOKMARK [2][-]{subsection.2.2}{\376\377\000I\000s\000t\000n\000i\000e\000j\001\005\000c\000e\000\040\001\172\000r\000\363\000d\001\102\000a}{section.2}% 9
\BOOKMARK [2][-]{subsection.2.3}{\376\377\000R\000a\000m\000y\000\040\000t\000e\000o\000r\000e\000t\000y\000c\000z\000n\000e}{section.2}% 10
\BOOKMARK [2][-]{subsection.2.4}{\376\377\000P\000o\000d\000e\000j\001\133\000c\000i\000e\000\040\000m\000e\000t\000o\000d\000o\000l\000o\000g\000i\000c\000z\000n\000e}{section.2}% 11
\BOOKMARK [2][-]{subsection.2.5}{\376\377\000A\000n\000a\000l\000i\000z\000a\000\040\000k\000r\000y\000t\000y\000c\000z\000n\000a}{section.2}% 12
\BOOKMARK [2][-]{subsection.2.6}{\376\377\000W\000k\001\102\000a\000d\000\040\000p\000r\000a\000c\000y}{section.2}% 13
\BOOKMARK [1][-]{section.3}{\376\377\000A\000n\000a\000l\000i\000z\000a\000\040\000p\000r\000o\000b\000l\000e\000m\000u}{}% 14
\BOOKMARK [2][-]{subsection.3.1}{\376\377\000B\000a\000d\000a\000n\000i\000a}{section.3}% 15
\BOOKMARK [2][-]{subsection.3.2}{\376\377\000Z\000e\000b\000r\000a\000n\000i\000e\000\040\000d\000a\000n\000y\000c\000h}{section.3}% 16
\BOOKMARK [2][-]{subsection.3.3}{\376\377\000Z\000m\000i\000e\000n\000n\000e}{section.3}% 17
\BOOKMARK [2][-]{subsection.3.4}{\376\377\000S\000a\000m\000p\000l\000i\000n\000g}{section.3}% 18
\BOOKMARK [2][-]{subsection.3.5}{\376\377\000A\000n\000a\000l\000i\000z\000a\000\040\000d\000a\000n\000y\000c\000h}{section.3}% 19
\BOOKMARK [2][-]{subsection.3.6}{\376\377\000W\000z\000g\000l\001\031\000d\000y\000\040\000e\000t\000y\000c\000z\000n\000e}{section.3}% 20
\BOOKMARK [2][-]{subsection.3.7}{\376\377\000O\000g\000r\000a\000n\000i\000c\000z\000e\000n\000i\000a}{section.3}% 21
\BOOKMARK [1][-]{section.4}{\376\377\000Z\000b\000i\000\363\000r\000\040\000d\000a\000n\000y\000c\000h}{}% 22
\BOOKMARK [2][-]{subsection.4.1}{\376\377\001\171\000r\000\363\000d\001\102\000o\000\040\000d\000a\000n\000y\000c\000h}{section.4}% 23
\BOOKMARK [2][-]{subsection.4.2}{\376\377\000P\000r\000e\000p\000r\000o\000c\000e\000s\000s\000i\000n\000g}{section.4}% 24
\BOOKMARK [2][-]{subsection.4.3}{\376\377\000C\000h\000a\000r\000a\000k\000t\000e\000r\000y\000s\000t\000y\000k\000a\000\040\000d\000a\000n\000y\000c\000h}{section.4}% 25
\BOOKMARK [2][-]{subsection.4.4}{\376\377\000A\000n\000a\000l\000i\000z\000a\000\040\000d\000a\000n\000y\000c\000h}{section.4}% 26
\BOOKMARK [1][-]{section.5}{\376\377\000I\000m\000p\000l\000e\000m\000e\000n\000t\000a\000c\000j\000a}{}% 27
\BOOKMARK [2][-]{subsection.5.1}{\376\377\000P\000r\000z\000y\000g\000o\000t\000o\000w\000a\000n\000i\000e\000\040\000d\000a\000n\000y\000c\000h}{section.5}% 28
\BOOKMARK [2][-]{subsection.5.2}{\376\377\000Z\000a\000p\000r\000o\000j\000e\000k\000t\000o\000w\000a\000n\000i\000e\000\040\000m\000o\000d\000e\000l\000u}{section.5}% 29
\BOOKMARK [2][-]{subsection.5.3}{\376\377\000E\000w\000a\000l\000u\000a\000c\000j\000a\000\040\000j\000a\000k\000o\001\133\000c\000i\000\040\000m\000o\000d\000e\000l\000u}{section.5}% 30
\BOOKMARK [2][-]{subsection.5.4}{\376\377\000W\000y\000n\000i\000k\000i\000\040\000i\000\040\000a\000n\000a\000l\000i\000z\000a}{section.5}% 31
\BOOKMARK [2][-]{subsection.5.5}{\376\377\000D\000o\000s\000t\001\031\000p\000n\000o\001\133\001\007\000\040\000k\000o\000d\000u}{section.5}% 32
\BOOKMARK [1][-]{section.6}{\376\377\000W\000y\000n\000i\000k\000i}{}% 33
\BOOKMARK [2][-]{subsection.6.1}{\376\377\000S\000t\000a\000t\000y\000s\000t\000y\000k\000i}{section.6}% 34
\BOOKMARK [2][-]{subsection.6.2}{\376\377\000T\000e\000s\000t\000y\000\040\000s\000t\000a\000t\000y\000s\000t\000y\000c\000z\000n\000e}{section.6}% 35
\BOOKMARK [2][-]{subsection.6.3}{\376\377\000P\000o\000r\000\363\000w\000n\000i\000a\000n\000i\000e\000\040\000m\000o\000d\000e\000l\000i}{section.6}% 36
\BOOKMARK [2][-]{subsection.6.4}{\376\377\000I\000n\000t\000e\000r\000p\000r\000e\000t\000a\000c\000j\000a}{section.6}% 37
\BOOKMARK [2][-]{subsection.6.5}{\376\377\000O\000g\000r\000a\000n\000i\000c\000z\000e\000n\000i\000a}{section.6}% 38
\BOOKMARK [1][-]{section.7}{\376\377\000A\000n\000a\000l\000i\000z\000a\000\040\000w\000y\000n\000i\000k\000\363\000w}{}% 39
\BOOKMARK [2][-]{subsection.7.1}{\376\377\000P\000o\000d\000s\000u\000m\000o\000w\000a\000n\000i\000e\000\040\000w\000y\000n\000i\000k\000\363\000w}{section.7}% 40
\BOOKMARK [2][-]{subsection.7.2}{\376\377\000P\000o\000r\000\363\000w\000n\000i\000a\000n\000i\000e\000\040\000z\000\040\000l\000i\000t\000e\000r\000a\000t\000u\000r\001\005}{section.7}% 41
\BOOKMARK [2][-]{subsection.7.3}{\376\377\000I\000n\000t\000e\000r\000p\000r\000e\000t\000a\000c\000j\000a\000\040\000w\000y\000n\000i\000k\000\363\000w}{section.7}% 42
\BOOKMARK [2][-]{subsection.7.4}{\376\377\000S\000k\000u\000t\000k\000i\000\040\000i\000\040\000z\000a\000s\000t\000o\000s\000o\000w\000a\000n\000i\000a}{section.7}% 43
\BOOKMARK [2][-]{subsection.7.5}{\376\377\000P\000r\000z\000y\000s\000z\001\102\000e\000\040\000b\000a\000d\000a\000n\000i\000a}{section.7}% 44
\BOOKMARK [2][-]{subsection.7.6}{\376\377\000W\000n\000i\000o\000s\000k\000i}{section.7}% 45
\BOOKMARK [1][-]{section.8}{\376\377\000W\000n\000i\000o\000s\000k\000i}{}% 46
\BOOKMARK [2][-]{subsection.8.1}{\376\377\000M\000o\001\174\000l\000i\000w\000o\001\133\000c\000i\000\040\000p\000o\000p\000r\000a\000w\000y}{section.8}% 47
\BOOKMARK [2][-]{subsection.8.2}{\376\377\000A\000n\000a\000l\000i\000z\000a\000\040\000w\000y\000n\000i\000k\000\363\000w}{section.8}% 48
\BOOKMARK [2][-]{subsection.8.3}{\376\377\000W\000p\001\102\000y\000w\000\040\000p\000r\000z\000e\000p\000r\000o\000w\000a\000d\000z\000o\000n\000y\000c\000h\000\040\000b\000a\000d\000a\001\104}{section.8}% 49
